"../../../IntruderMulti/Content/Blueprints/AllLevels/NewGameMode.uasset" 0
"../../../IntruderMulti/Content/FirstPerson/Character/Mesh/SK_Mannequin_Arms_Skeleton.uasset" 1
"../../../IntruderMulti/Content/FirstPerson/Animations/FirstPerson_Idle.uasset" 2
"../../../IntruderMulti/Content/FirstPerson/Animations/FirstPerson_JumpEnd.uasset" 3
"../../../IntruderMulti/Content/FirstPerson/Animations/FirstPerson_JumpLoop.uasset" 4
"../../../IntruderMulti/Content/FirstPerson/Animations/FirstPerson_JumpStart.uasset" 5
"../../../IntruderMulti/Content/FirstPerson/Animations/FirstPerson_Run.uasset" 6
"../../../Engine/Content/EditorBlueprintResources/StandardMacros.uasset" 7
"../../../IntruderMulti/Content/FirstPerson/Animations/FirstPerson_AnimBP.uasset" 8
"../../../Engine/Content/EngineMeshes/Humanoid.uasset" 9
"../../../IntruderMulti/Content/Mannequin/Character/Mesh/UE4_Mannequin_Skeleton.uasset" 10
"../../../IntruderMulti/Content/Mannequin/Animations/ThirdPerson_Jump.uasset" 11
"../../../IntruderMulti/Content/Mannequin/Animations/ThirdPersonJump_Loop.uasset" 12
"../../../IntruderMulti/Content/Mannequin/Animations/ThirdPersonJump_Start.uasset" 13
"../../../IntruderMulti/Content/Mannequin/Animations/ThirdPersonIdle.uasset" 14
"../../../IntruderMulti/Content/Mannequin/Animations/ThirdPersonRun.uasset" 15
"../../../IntruderMulti/Content/Mannequin/Animations/ThirdPersonWalk.uasset" 16
"../../../IntruderMulti/Content/Mannequin/Animations/ThirdPerson_IdleRun_2D.uasset" 17
"../../../IntruderMulti/Content/Mannequin/Animations/ThirdPerson_AnimBP.uasset" 18
"../../../Engine/Content/Functions/Engine_MaterialFunctions02/Utility/BlendAngleCorrectedNormals.uasset" 19
"../../../Engine/Content/Functions/MaterialLayerFunctions/MatLayerBlend_NormalBlend.uasset" 20
"../../../Engine/Content/Functions/MaterialLayerFunctions/MatLayerBlend_Simple.uasset" 21
"../../../IntruderMulti/Content/FirstPerson/Character/Materials/MaterialLayers/T_ML_Rubber_Blue_01_D.uasset" 22
"../../../IntruderMulti/Content/FirstPerson/Character/Materials/MaterialLayers/T_ML_Rubber_Blue_01_N.uasset" 23
"../../../IntruderMulti/Content/FirstPerson/Character/Materials/MaterialLayers/ML_GlossyBlack_Latex_UE4.uasset" 24
"../../../IntruderMulti/Content/FirstPerson/Character/Materials/MaterialLayers/ML_Plastic_Shiny_Beige.uasset" 25
"../../../IntruderMulti/Content/FirstPerson/Character/Textures/UE4_LOGO_CARD.uasset" 26
"../../../IntruderMulti/Content/FirstPerson/Character/Materials/MaterialLayers/ML_Plastic_Shiny_Beige_LOGO.uasset" 27
"../../../IntruderMulti/Content/FirstPerson/Character/Materials/MaterialLayers/T_ML_Aluminum01.uasset" 28
"../../../IntruderMulti/Content/FirstPerson/Character/Materials/MaterialLayers/T_ML_Aluminum01_N.uasset" 29
"../../../IntruderMulti/Content/FirstPerson/Character/Materials/MaterialLayers/ML_SoftMetal_UE4.uasset" 30
"../../../IntruderMulti/Content/FirstPerson/Character/Textures/UE4_Mannequin__normals.uasset" 31
"../../../IntruderMulti/Content/FirstPerson/Character/Textures/UE4_Mannequin_MAT_MASKA.uasset" 32
"../../../IntruderMulti/Content/FirstPerson/Character/Materials/M_UE4Man_Body.uasset" 33
"../../../IntruderMulti/Content/FirstPerson/Character/Mesh/SK_Mannequin_Arms_PhysicsAsset.uasset" 34
"../../../IntruderMulti/Content/FirstPerson/Character/Mesh/SK_Mannequin_Arms.uasset" 35
"../../../IntruderMulti/Content/Mannequin/Character/Materials/MaterialLayers/T_ML_Rubber_Blue_01_D.uasset" 36
"../../../IntruderMulti/Content/Mannequin/Character/Materials/MaterialLayers/T_ML_Rubber_Blue_01_N.uasset" 37
"../../../IntruderMulti/Content/Mannequin/Character/Materials/MaterialLayers/ML_GlossyBlack_Latex_UE4.uasset" 38
"../../../IntruderMulti/Content/Mannequin/Character/Materials/MaterialLayers/ML_Plastic_Shiny_Beige.uasset" 39
"../../../IntruderMulti/Content/Mannequin/Character/Textures/UE4_LOGO_CARD.uasset" 40
"../../../IntruderMulti/Content/Mannequin/Character/Materials/MaterialLayers/ML_Plastic_Shiny_Beige_LOGO.uasset" 41
"../../../IntruderMulti/Content/Mannequin/Character/Materials/MaterialLayers/T_ML_Aluminum01.uasset" 42
"../../../IntruderMulti/Content/Mannequin/Character/Materials/MaterialLayers/T_ML_Aluminum01_N.uasset" 43
"../../../IntruderMulti/Content/Mannequin/Character/Materials/MaterialLayers/ML_SoftMetal_UE4.uasset" 44
"../../../IntruderMulti/Content/Mannequin/Character/Textures/UE4_Mannequin__normals.uasset" 45
"../../../IntruderMulti/Content/Mannequin/Character/Textures/UE4_Mannequin_MAT_MASKA.uasset" 46
"../../../IntruderMulti/Content/Mannequin/Character/Materials/M_UE4Man_Body.uasset" 47
"../../../IntruderMulti/Content/Mannequin/Character/Textures/UE4Man_Logo_N.uasset" 48
"../../../IntruderMulti/Content/Mannequin/Character/Materials/M_UE4Man_ChestLogo.uasset" 49
"../../../IntruderMulti/Content/Mannequin/Character/Mesh/SK_Mannequin_PhysicsAsset.uasset" 50
"../../../IntruderMulti/Content/Mannequin/Character/Mesh/SK_Mannequin.uasset" 51
"../../../IntruderMulti/Content/Blueprints/Characters_New/Guard.uasset" 52
"../../../IntruderMulti/Content/FirstPerson/Animations/FirstPerson_Fire.uasset" 53
"../../../IntruderMulti/Content/FirstPerson/Animations/FirstPersonFire_Montage.uasset" 54
"../../../IntruderMulti/Content/FirstPerson/Audio/FirstPersonTemplateWeaponFire02.uasset" 55
"../../../IntruderMulti/Content/FirstPerson/FPWeapon/Materials/MaterialLayers/ML_Plastic_Shiny_Beige_LOGO.uasset" 56
"../../../IntruderMulti/Content/FirstPerson/FPWeapon/Materials/MaterialLayers/T_ML_FineRubber.uasset" 57
"../../../IntruderMulti/Content/FirstPerson/FPWeapon/Mesh/SK_FPGun_PhysicsAsset.uasset" 58
"../../../IntruderMulti/Content/FirstPerson/Meshes/BaseMaterial.uasset" 59
"../../../IntruderMulti/Content/FirstPerson/Meshes/CubeMaterialOverride.uasset" 60
"../../../IntruderMulti/Content/FirstPerson/Meshes/FirstPersonProjectileMaterial.uasset" 61
"../../../IntruderMulti/Content/FirstPerson/Meshes/FirstPersonProjectileMesh.uasset" 62
"../../../IntruderMulti/Content/FirstPerson/Textures/FirstPersonCrosshair.uasset" 63
"../../../IntruderMulti/Content/FirstPerson/FPWeapon/Materials/MaterialLayers/T_ML_Rubber_Blue_01_D.uasset" 64
"../../../IntruderMulti/Content/FirstPerson/FPWeapon/Materials/MaterialLayers/T_ML_Rubber_Blue_01_N.uasset" 65
"../../../IntruderMulti/Content/FirstPerson/FPWeapon/Materials/MaterialLayers/ML_GlossyBlack_Latex_UE4.uasset" 66
"../../../IntruderMulti/Content/FirstPerson/FPWeapon/Materials/MaterialLayers/ML_Plastic_Shiny_Beige.uasset" 67
"../../../IntruderMulti/Content/FirstPerson/FPWeapon/Materials/MaterialLayers/ML_Screen.uasset" 68
"../../../IntruderMulti/Content/FirstPerson/FPWeapon/Materials/MaterialLayers/T_ML_Aluminum01.uasset" 69
"../../../IntruderMulti/Content/FirstPerson/FPWeapon/Materials/MaterialLayers/T_ML_Aluminum01_N.uasset" 70
"../../../IntruderMulti/Content/FirstPerson/FPWeapon/Materials/MaterialLayers/ML_SoftMetal_UE4.uasset" 71
"../../../IntruderMulti/Content/FirstPerson/FPWeapon/Textures/T_FPGun_M.uasset" 72
"../../../IntruderMulti/Content/FirstPerson/FPWeapon/Textures/T_FPGun_N.uasset" 73
"../../../IntruderMulti/Content/FirstPerson/FPWeapon/Materials/M_FPGun.uasset" 74
"../../../IntruderMulti/Content/FirstPerson/FPWeapon/Mesh/SK_FPGun_Skeleton.uasset" 75
"../../../IntruderMulti/Content/FirstPerson/FPWeapon/Mesh/SK_FPGun.uasset" 76
"../../../IntruderMulti/Content/FirstPersonCPP/Blueprints/FirstPersonCharacter.uasset" 77
"../../../Engine/Content/Functions/Engine_MaterialFunctions01/Opacity/CameraDepthFade.uasset" 78
"../../../Engine/Content/EngineMaterials/T_Default_Material_Grid_M.uasset" 79
"../../../Engine/Content/EngineMaterials/T_Default_Material_Grid_N.uasset" 80
"../../../Engine/Content/EngineMaterials/DefaultMaterial.uasset" 81
"../../../Engine/Content/BasicShapes/Cone.uasset" 82
"../../../Engine/Content/EngineMaterials/WorldGridMaterial.uasset" 83
"../../../Engine/Content/BasicShapes/Cube.uasset" 84
"../../../Engine/Content/BasicShapes/Cylinder.uasset" 85
"../../../Engine/Content/BasicShapes/Plane.uasset" 86
"../../../Engine/Content/BasicShapes/Sphere.uasset" 87
"../../../Engine/Content/EditorLandscapeResources/DataLayer.uasset" 88
"../../../Engine/Content/EditorMaterials/GizmoMaterial.uasset" 89
"../../../Engine/Content/EditorMaterials/MAT_Groups_Toggle.uasset" 90
"../../../Engine/Content/EditorMaterials/MAT_Groups_Visibility.uasset" 91
"../../../Engine/Content/EditorMaterials/PreviewShadowIndicator.uasset" 92
"../../../Engine/Content/EditorMaterials/PreviewShadowIndicatorMaterial.uasset" 93
"../../../Engine/Content/EditorMaterials/MatineeGroups/MAT_ColorTrack.uasset" 94
"../../../Engine/Content/EditorMaterials/MatineeGroups/MAT_Groups_Anim.uasset" 95
"../../../Engine/Content/EditorMaterials/MatineeGroups/MAT_Groups_AudioMaster.uasset" 96
"../../../Engine/Content/EditorMaterials/MatineeGroups/MAT_Groups_Director.uasset" 97
"../../../Engine/Content/EditorMaterials/MatineeGroups/MAT_Groups_Event.uasset" 98
"../../../Engine/Content/EditorMaterials/MatineeGroups/MAT_Groups_Fade.uasset" 99
"../../../Engine/Content/EditorMaterials/MatineeGroups/MAT_Groups_Float.uasset" 100
"../../../Engine/Content/EditorMaterials/MatineeGroups/MAT_Groups_Move.uasset" 101
"../../../Engine/Content/EditorMaterials/MatineeGroups/MAT_Groups_Slomo.uasset" 102
"../../../Engine/Content/EditorMaterials/MatineeGroups/MAT_Groups_Sound.uasset" 103
"../../../Engine/Content/EditorMaterials/MatineeGroups/MAT_Groups_Vector.uasset" 104
"../../../Engine/Content/EditorMaterials/ParticleSystems/PSysThumbnail_NoImage.uasset" 105
"../../../Engine/Content/EditorMaterials/ParticleSystems/PSysThumbnail_OOD.uasset" 106
"../../../Engine/Content/EditorMaterials/Camera/CineMat.uasset" 107
"../../../Engine/Content/EditorMaterials/Camera/MI_CineMat_Rig.uasset" 108
"../../../Engine/Content/EditorMeshes/Camera/SM_CraneRig_Arm.uasset" 109
"../../../Engine/Content/EditorMeshes/Camera/SM_CraneRig_Base.uasset" 110
"../../../Engine/Content/EditorMeshes/Camera/SM_CraneRig_Body.uasset" 111
"../../../Engine/Content/EditorMeshes/Camera/SM_CraneRig_Mount.uasset" 112
"../../../Engine/Content/EditorMeshes/Camera/SM_RailRig_Mount.uasset" 113
"../../../Engine/Content/EditorMeshes/Camera/SM_RailRig_Track.uasset" 114
"../../../Engine/Content/EditorMeshes/ColorCalibrator/M_ChromeBall.uasset" 115
"../../../Engine/Content/EditorMeshes/ColorCalibrator/M_ClearCoat.uasset" 116
"../../../Engine/Content/EditorMeshes/ColorCalibrator/M_ClearCoatBlack.uasset" 117
"../../../Engine/Content/EditorMeshes/ColorCalibrator/Color_checker.uasset" 118
"../../../Engine/Content/EditorMeshes/ColorCalibrator/M_ColorGrid.uasset" 119
"../../../Engine/Content/EditorMeshes/ColorCalibrator/M_GreyBall.uasset" 120
"../../../Engine/Content/EditorMeshes/ColorCalibrator/SM_ColorCalibrator.uasset" 121
"../../../Engine/Content/EditorResources/BSPVertex.uasset" 122
"../../../Engine/Content/EditorResources/EmptyActor.uasset" 123
"../../../Engine/Content/EditorResources/S_Actor.uasset" 124
"../../../Engine/Content/EditorResources/S_Trigger.uasset" 125
"../../../Engine/Content/EditorResources/LightIcons/S_LightError.uasset" 126
"../../../Engine/Content/EditorResources/SequenceRecorder/Countdown.uasset" 127
"../../../Engine/Content/EditorResources/SequenceRecorder/RecordingIndicator.uasset" 128
"../../../Engine/Content/EditorSounds/Notifications/CompileFailed.uasset" 129
"../../../Engine/Content/EditorSounds/Notifications/CompileFailed_Cue.uasset" 130
"../../../Engine/Content/EditorSounds/Notifications/CompileSuccess.uasset" 131
"../../../Engine/Content/EditorSounds/Notifications/CompileStart_Cue.uasset" 132
"../../../Engine/Content/EditorSounds/Notifications/CompileSuccess_Cue.uasset" 133
"../../../Engine/Content/EngineDamageTypes/DmgTypeBP_Environmental.uasset" 134
"../../../Engine/Content/EngineDebugMaterials/HeatmapGradient.uasset" 135
"../../../Engine/Content/EngineDebugMaterials/BoneWeightMaterial.uasset" 136
"../../../Engine/Content/EngineDebugMaterials/ClothMaterial.uasset" 137
"../../../Engine/Content/EngineDebugMaterials/ClothMaterial_WF.uasset" 138
"../../../Engine/Content/EngineDebugMaterials/DebugEditorMaterial.uasset" 139
"../../../Engine/Content/EngineDebugMaterials/DebugMeshMaterial.uasset" 140
"../../../Engine/Content/EngineDebugMaterials/GeomMaterial.uasset" 141
"../../../Engine/Content/EngineFonts/Faces/RobotoBold.uasset" 142
"../../../Engine/Content/EngineFonts/Faces/RobotoBoldItalic.uasset" 143
"../../../Engine/Content/EngineFonts/Faces/RobotoItalic.uasset" 144
"../../../Engine/Content/EngineFonts/Faces/RobotoLight.uasset" 145
"../../../Engine/Content/EngineFonts/Faces/RobotoRegular.uasset" 146
"../../../Engine/Content/EngineFonts/Roboto.uasset" 147
"../../../Engine/Content/EngineFonts/Faces/RobotoTiny.uasset" 148
"../../../Engine/Content/EngineFonts/RobotoTiny.uasset" 149
"../../../Engine/Content/EngineMaterials/DefaultBloomKernel.uasset" 150
"../../../Engine/Content/EngineMaterials/DefaultBokeh.uasset" 151
"../../../Engine/Content/EngineMaterials/DefaultDiffuse.uasset" 152
"../../../Engine/Content/EngineMaterials/DefaultDeferredDecalMaterial.uasset" 153
"../../../Engine/Content/EngineMaterials/DefaultLightFunctionMaterial.uasset" 154
"../../../Engine/Content/EngineMaterials/DefaultPhysicalMaterial.uasset" 155
"../../../Engine/Content/Functions/Engine_MaterialFunctions02/Utility/BreakOutFloat2Components.uasset" 156
"../../../Engine/Content/EngineMaterials/DefaultPostProcessMaterial.uasset" 157
"../../../Engine/Content/EngineFonts/RobotoDistanceField.uasset" 158
"../../../Engine/Content/EngineMaterials/DefaultTextMaterialOpaque.uasset" 159
"../../../Engine/Content/EngineMaterials/DefaultWhiteGrid.uasset" 160
"../../../Engine/Content/EngineMaterials/EditorBrushMaterial.uasset" 161
"../../../Engine/Content/EngineMaterials/Good64x64TilingNoiseHighFreq.uasset" 162
"../../../Engine/Content/EngineMaterials/MiniFont.uasset" 163
"../../../Engine/Content/EngineMaterials/InvalidLightmapSettings.uasset" 164
"../../../Engine/Content/EngineMaterials/M_InvalidLightmapSettings.uasset" 165
"../../../Engine/Content/Functions/Engine_MaterialFunctions02/WorldPositionOffset/CameraOffset.uasset" 166
"../../../Engine/Content/EngineMaterials/PhAT_JointLimitMaterial.uasset" 167
"../../../Engine/Content/EngineMaterials/PreintegratedSkinBRDF.uasset" 168
"../../../Engine/Content/EngineMaterials/RemoveSurfaceMaterial.uasset" 169
"../../../Engine/Content/EngineMaterials/WeightMapPlaceholderTexture.uasset" 170
"../../../Engine/Content/EngineResources/WhiteSquareTexture.uasset" 171
"../../../Engine/Content/EngineMaterials/Widget3DPassThrough.uasset" 172
"../../../Engine/Content/EngineMaterials/Widget3DPassThrough_Masked.uasset" 173
"../../../Engine/Content/EngineMaterials/Widget3DPassThrough_Opaque.uasset" 174
"../../../Engine/Content/EngineMaterials/Widget3DPassThrough_Masked_OneSided.uasset" 175
"../../../Engine/Content/EngineMaterials/Widget3DPassThrough_Opaque_OneSided.uasset" 176
"../../../Engine/Content/EngineMaterials/Widget3DPassThrough_Translucent.uasset" 177
"../../../Engine/Content/EngineMaterials/Widget3DPassThrough_Translucent_OneSided.uasset" 178
"../../../Engine/Content/EngineMeshes/Cube.uasset" 179
"../../../Engine/Content/EngineMeshes/Cylinder.uasset" 180
"../../../Engine/Content/EngineMeshes/Sphere.uasset" 181
"../../../Engine/Content/EngineResources/Black.uasset" 182
"../../../Engine/Content/EngineResources/DefaultTexture.uasset" 183
"../../../Engine/Content/EngineResources/DefaultTextureCube.uasset" 184
"../../../Engine/Content/EngineResources/GradientTexture0.uasset" 185
"../../../Engine/Content/EngineSounds/Master.uasset" 186
"../../../Engine/Content/Functions/Engine_MaterialFunctions01/Shading/ConvertFromDiffSpec.uasset" 187
"../../../Engine/Content/Functions/Engine_MaterialFunctions01/Shading/PowerToRoughness.uasset" 188
"../../../Engine/Content/Maps/Templates/Thumbnails/Default.uasset" 189
"../../../Engine/Content/Maps/Templates/Thumbnails/VR-Basic.uasset" 190
"../../../Engine/Content/MobileResources/T_MobileControls_texture.uasset" 191
"../../../Engine/Content/MobileResources/T_MobileMenu2.uasset" 192
"../../../Engine/Content/MobileResources/HUD/AnalogHat.uasset" 193
"../../../Engine/Content/MobileResources/HUD/VirtualJoystick_Background.uasset" 194
"../../../Engine/Content/MobileResources/HUD/VirtualJoystick_Thumb.uasset" 195
"../../../Engine/Content/MobileResources/HUD/DefaultVirtualJoysticks.uasset" 196
"../../../Engine/Content/MobileResources/HUD/LeftVirtualJoystickOnly.uasset" 197
"../../../Engine/Content/MobileResources/HUD/MobileHUDButton1_off.uasset" 198
"../../../Engine/Content/MobileResources/HUD/MobileHUDButton1_on.uasset" 199
"../../../Engine/Content/MobileResources/HUD/MobileHUDButton2_off.uasset" 200
"../../../Engine/Content/MobileResources/HUD/MobileHUDButton2_on.uasset" 201
"../../../Engine/Content/MobileResources/HUD/MobileHUDButton3.uasset" 202
"../../../Engine/Content/MobileResources/HUD/MobileHUDButtonFire.uasset" 203
"../../../Engine/Content/MobileResources/HUD/MobileHUDDirectionPad.uasset" 204
"../../../Engine/Content/MobileResources/HUD/MobileHUDDirectionPad2.uasset" 205
"../../../Engine/Content/MobileResources/HUD/MobileHUDDirectionPad3.uasset" 206
"../../../Engine/Content/MobileResources/HUD/MobileHUDDirectionStick.uasset" 207
"../../../Engine/Content/MobileResources/HUD/T_Castle_ThumbstickInner.uasset" 208
"../../../Engine/Content/MobileResources/HUD/T_Castle_ThumbstickOutter.uasset" 209
"../../../Engine/Content/Tutorial/ContentIntroCurve.uasset" 210
"../../../Engine/Content/Tutorial/Basics/TutorialAssets/icon_tab_Levels_40x.uasset" 211
"../../../Engine/Content/Tutorial/BlueprintTutorials/TutorialAssets/BlueprintInterface_64x.uasset" 212
"../../../Engine/Content/Tutorial/BlueprintTutorials/TutorialAssets/BlueprintMacroLibrary_64x.uasset" 213
"../../../Engine/Content/Tutorial/BlueprintTutorials/TutorialAssets/Blueprint_64x.uasset" 214
"../../../Engine/Content/Tutorial/BlueprintTutorials/TutorialAssets/Tutorial_BP_Interface.uasset" 215
"../../../Engine/Content/Tutorial/Foliage/TutorialAssets/Foliage.uasset" 216
"../../../Engine/Content/Tutorial/Landscape/TutorialAssets/Landscape.uasset" 217
"../../../Engine/Content/Tutorial/Paper2D/TutorialAssets/Paper2DFlipbook_TutorialIcon.uasset" 218
"../../../Engine/Content/Tutorial/Paper2D/TutorialAssets/Paper2DSprite_TutorialIcon.uasset" 219
"../../../Engine/Content/Tutorial/SubEditors/TutorialAssets/icon_Editor_Preferences_General_40x.uasset" 220
"../../../Engine/Content/Tutorial/SubEditors/TutorialAssets/icon_ShowSkeletalMeshes_40x.uasset" 221
"../../../Engine/Content/Tutorial/SubEditors/TutorialAssets/TutorialMaterial.uasset" 222
"../../../Engine/Content/Tutorial/SubEditors/TutorialAssets/T_SmokeSubUV_8X8.uasset" 223
"../../../Engine/Content/Tutorial/SubEditors/TutorialAssets/T_soft_smoke.uasset" 224
"../../../Engine/Content/Tutorial/SubEditors/TutorialAssets/M_smoke_subUV_blackbody.uasset" 225
"../../../Engine/Content/Tutorial/SubEditors/TutorialAssets/TutorialParticleSystem.uasset" 226
"../../../Engine/Content/VREditor/Devices/Generic/GenericHMDMaterial.uasset" 227
"../../../Engine/Content/VREditor/Devices/Generic/GenericHMD.uasset" 228
"../../../Engine/Content/VREditor/FloatingText/LineMaterial.uasset" 229
"../../../Engine/Content/VREditor/FloatingText/JointSphere.uasset" 230
"../../../Engine/Content/VREditor/FloatingText/LineSegmentCylinder.uasset" 231
"../../../Engine/Content/VREditor/Fonts/VRText_RobotoLarge.uasset" 232
"../../../Engine/Content/VREditor/Fonts/VRTextMaterial.uasset" 233
"../../../Engine/Content/VREditor/Fonts/TranslucentVRTextMaterial.uasset" 234
"../../../Engine/Content/VREditor/LaserPointer/CursorPointer.uasset" 235
"../../../Engine/Content/VREditor/LaserPointer/VR_LaserPower_01.uasset" 236
"../../../Engine/Content/VREditor/TransformGizmo/TransformGizmoMaterial.uasset" 237
"../../../Engine/Content/VREditor/LaserPointer/HoverMaterial.uasset" 238
"../../../Engine/Content/VREditor/TransformGizmo/TranslucentTransformGizmoMaterial.uasset" 239
"../../../Engine/Content/VREditor/LaserPointer/TranslucentHoverMaterial.uasset" 240
"../../../Engine/Content/VREditor/LaserPointer/HoverMesh.uasset" 241
"../../../Engine/Content/VREditor/LaserPointer/LaserPointerMaterial.uasset" 242
"../../../Engine/Content/VREditor/LaserPointer/LaserPointerMaterialInst.uasset" 243
"../../../Engine/Content/VREditor/LaserPointer/TranslucentLaserPointerMaterialInst.uasset" 244
"../../../Engine/Content/VREditor/LaserPointer/LaserPointerMesh.uasset" 245
"../../../Engine/Content/VREditor/LaserPointer/LaserPointerMesh_End.uasset" 246
"../../../Engine/Content/VREditor/LaserPointer/LaserPointerMesh_Start.uasset" 247
"../../../Engine/Content/Functions/Engine_MaterialFunctions02/Utility/BreakOutFloat3Components.uasset" 248
"../../../Engine/Content/Functions/Engine_MaterialFunctions02/Math/Transform3x3Matrix.uasset" 249
"../../../Engine/Content/Functions/Engine_MaterialFunctions02/SplitComponents.uasset" 250
"../../../Engine/Content/Functions/Engine_MaterialFunctions02/Utility/MakeFloat3.uasset" 251
"../../../Engine/Content/VREditor/SnapGrid/SnapGridMaterial.uasset" 252
"../../../Engine/Content/VREditor/SnapGrid/SnapGridPlaneMesh.uasset" 253
"../../../Engine/Content/VREditor/Sounds/VR_teleport.uasset" 254
"../../../Engine/Content/VREditor/Sounds/UI/Click_on_Button_Cue.uasset" 255
"../../../Engine/Content/VREditor/Sounds/UI/Dockable_Window_Close.uasset" 256
"../../../Engine/Content/VREditor/Sounds/UI/Dockable_Window_Drop.uasset" 257
"../../../Engine/Content/VREditor/Sounds/UI/Dockable_Window_Open.uasset" 258
"../../../Engine/Content/VREditor/Sounds/UI/Dockable_Window_Pick_Up.uasset" 259
"../../../Engine/Content/VREditor/Sounds/UI/Drop_Item_From_ContentBrowser.uasset" 260
"../../../Engine/Content/VREditor/Sounds/UI/Floating_UI_Open-001.uasset" 261
"../../../Engine/Content/VREditor/Sounds/UI/Gizmo_Handle_Clicked.uasset" 262
"../../../Engine/Content/VREditor/Sounds/UI/Object_PickUp.uasset" 263
"../../../Engine/Content/VREditor/Sounds/UI/Object_Snaps_To_Another_Actor.uasset" 264
"../../../Engine/Content/VREditor/Sounds/UI/Object_Snaps_To_Grid.uasset" 265
"../../../Engine/Content/VREditor/Sounds/UI/Radial_Menu_FadeOut.uasset" 266
"../../../Engine/Content/VREditor/Sounds/UI/Scaling_Down.uasset" 267
"../../../Engine/Content/VREditor/Sounds/UI/Scaling_Up.uasset" 268
"../../../Engine/Content/VREditor/Sounds/UI/Selection_Changes.uasset" 269
"../../../Engine/Content/VREditor/Sounds/UI/Teleport_Mode_Entered.uasset" 270
"../../../Engine/Content/VREditor/Teleport/TeleportDirectionMaterial.uasset" 271
"../../../Engine/Content/VREditor/Teleport/TeleportDirectionMaterial_Inst.uasset" 272
"../../../Engine/Content/VREditor/Teleport/TeleportDirectionMesh.uasset" 273
"../../../Engine/Content/VREditor/TransformGizmo/BoundingBoxCorner.uasset" 274
"../../../Engine/Content/VREditor/TransformGizmo/BoundingBoxEdge.uasset" 275
"../../../Engine/Content/VREditor/TransformGizmo/PlaneTranslationHandle.uasset" 276
"../../../Engine/Content/VREditor/TransformGizmo/RotationHandleFull.uasset" 277
"../../../Engine/Content/VREditor/TransformGizmo/RotationHandleIndicator.uasset" 278
"../../../Engine/Content/VREditor/TransformGizmo/RotationHandleQuarter.uasset" 279
"../../../Engine/Content/VREditor/TransformGizmo/Main.uasset" 280
"../../../Engine/Content/VREditor/TransformGizmo/Xray.uasset" 281
"../../../Engine/Content/VREditor/TransformGizmo/SM_Dialog_Close.uasset" 282
"../../../Engine/Content/VREditor/TransformGizmo/SM_Dialog_Move.uasset" 283
"../../../Engine/Content/VREditor/TransformGizmo/SM_Sequencer_Key.uasset" 284
"../../../Engine/Content/VREditor/TransformGizmo/SM_Sequencer_Node.uasset" 285
"../../../Engine/Content/VREditor/TransformGizmo/StartRotationHandleIndicator.uasset" 286
"../../../Engine/Content/VREditor/TransformGizmo/TranslucentTransformGizmoMaterial_Inst.uasset" 287
"../../../Engine/Content/VREditor/TransformGizmo/TransformGizmoFreeRotation.uasset" 288
"../../../Engine/Content/VREditor/TransformGizmo/TransformGizmoMaterial_Inst.uasset" 289
"../../../Engine/Content/VREditor/TransformGizmo/TranslateArrowHandle.uasset" 290
"../../../Engine/Content/VREditor/TransformGizmo/UniformScaleHandle.uasset" 291
"../../../Engine/Content/VREditor/UI/KeyDiskMaterial.uasset" 292
"../../../Engine/Content/VREditor/UI/DiscMaterial.uasset" 293
"../../../Engine/Content/VREditor/UI/SM_Radial_Disk.uasset" 294
"../../../Engine/Content/Functions/Engine_MaterialFunctions01/Gradient/RadialGradient.uasset" 295
"../../../Engine/Content/VREditor/WorldMovementGrid/SimpleGrid.uasset" 296
"../../../Engine/Content/VREditor/WorldMovementGrid/GridMaterial.uasset" 297
"../../../Engine/Content/Functions/Engine_MaterialFunctions01/Density/ExponentialDensity.uasset" 298
"../../../Engine/Content/VREditor/WorldMovementGrid/GridPostProcess.uasset" 299
"../../../Engine/Content/EditorLandscapeResources/FlattenHeightMat.uasset" 300
"../../../Engine/Content/VREditor/WorldMovementGrid/PlaneMesh.uasset" 301
"../../../Engine/Plugins/2D/Paper2D/Content/PlaceholderTextures/DummySpriteTexture.uasset" 302
"../../../Engine/Plugins/2D/Paper2D/Content/DummySprite.uasset" 303
"../../../Engine/Plugins/2D/Paper2D/Content/DefaultPaperTerrainMaterial.uasset" 304
"../../../Engine/Plugins/2D/Paper2D/Content/DefaultSpriteMaterial.uasset" 305
"../../../Engine/Plugins/2D/Paper2D/Content/MaskedUnlitSpriteMaterial.uasset" 306
"../../../Engine/Plugins/2D/Paper2D/Content/OpaqueUnlitSpriteMaterial.uasset" 307
"../../../Engine/Plugins/Media/MediaCompositing/Content/DefaultMediaPlaneMaterial.uasset" 308
"../../../Engine/Content/Functions/Engine_MaterialFunctions01/Texturing/ScaleUVsByCenter.uasset" 309
"../../../Engine/Content/Functions/Engine_MaterialFunctions02/Utility/MakeFloat4.uasset" 310
"../../../Engine/Plugins/Runtime/AppleARKit/Content/ARKitCameraMaterial.uasset" 311
"../../../Engine/Plugins/Runtime/Oculus/OculusVR/Content/Textures/GearVRController_AO.uasset" 312
"../../../Engine/Plugins/Runtime/Oculus/OculusVR/Content/Textures/GearVRController_Color.uasset" 313
"../../../Engine/Plugins/Runtime/Oculus/OculusVR/Content/Textures/GearVRController_Normal.uasset" 314
"../../../Engine/Plugins/Runtime/Oculus/OculusVR/Content/Materials/GearVRControllerMaterial.uasset" 315
"../../../Engine/Plugins/Runtime/Oculus/OculusVR/Content/Meshes/GearVrController.uasset" 316
"../../../Engine/Content/EngineSky/C_Sky_Cloud_Color.uasset" 317
"../../../Engine/Content/EngineSky/C_Sky_Horizon_Color.uasset" 318
"../../../Engine/Content/EngineSky/C_Sky_Zenith_Color.uasset" 319
"../../../Engine/Content/EngineSky/T_Sky_Blue.uasset" 320
"../../../Engine/Content/EngineSky/T_Sky_Clouds_M.uasset" 321
"../../../Engine/Content/EngineSky/T_Sky_Stars.uasset" 322
"../../../Engine/Content/EngineSky/M_Sky_Panning_Clouds2.uasset" 323
"../../../Engine/Content/EngineSky/SM_SkySphere.uasset" 324
"../../../Engine/Content/EngineSky/BP_Sky_Sphere.uasset" 325
"../../../IntruderMulti/Content/UI/AllLevels/LoadingScreen.uasset" 326
"../../../IntruderMulti/Content/UI/MainMenu/ErrorDialog.uasset" 327
"../../../IntruderMulti/Content/UI/MainMenu/HostMenu.uasset" 328
"../../../IntruderMulti/Content/UI/MainMenu/MainMenu.uasset" 329
"../../../IntruderMulti/Content/Blueprints/AllLevels/PlayerInfo.uasset" 330
"../../../IntruderMulti/Content/Blueprints/AllLevels/PlayerSaveGame.uasset" 331
"../../../IntruderMulti/Content/InfinityBladeWarriors/Character/CompleteCharacters/Textures_Materials/CharM_Bladed/T_CharM_Bladed_N.uasset" 332
"../../../IntruderMulti/Content/InfinityBladeWarriors/Character/CompleteCharacters/Textures_Materials/CharM_Natural/T_CharM_NaturalElite_D.uasset" 333
"../../../IntruderMulti/Content/InfinityBladeWarriors/Character/CompleteCharacters/Textures_Materials/CharM_Ragged/T_CharM_Ragged_D.uasset" 334
"../../../IntruderMulti/Content/InfinityBladeWarriors/Character/CompleteCharacters/Textures_Materials/CharM_Shell/T_CharM_ShellB_D.uasset" 335
"../../../IntruderMulti/Content/StarterContent/Textures/T_Brick_Clay_Beveled_M.uasset" 336
"../../../IntruderMulti/Content/StarterContent/Textures/T_Brick_Hewn_Stone_D.uasset" 337
"../../../IntruderMulti/Content/StarterContent/Textures/T_Burst_M.uasset" 338
"../../../IntruderMulti/Content/StarterContent/Textures/T_Bush_D.uasset" 339
"../../../IntruderMulti/Content/StarterContent/Textures/T_Wood_Walnut_N.uasset" 340
"../../../IntruderMulti/Content/UI/MainMenu/OptionsMenu.uasset" 341
"../../../IntruderMulti/Content/UI/MainMenu/ServerMenu.uasset" 342
"../../../IntruderMulti/Content/Blueprints/AllLevels/GameInfoInstance.uasset" 343
"../../../IntruderMulti/Content/InfinityBladeWarriors/Character/CompleteCharacters/SK_Mannequin_Skeleton.uasset" 344
"../../../IntruderMulti/Content/InfinityBladeWarriors/Animations/ThirdPerson_Jump.uasset" 345
"../../../IntruderMulti/Content/InfinityBladeWarriors/Animations/ThirdPersonJump_Loop.uasset" 346
"../../../IntruderMulti/Content/InfinityBladeWarriors/Animations/ThirdPersonJump_Start.uasset" 347
"../../../IntruderMulti/Content/InfinityBladeWarriors/Animations/ThirdPersonIdle.uasset" 348
"../../../IntruderMulti/Content/InfinityBladeWarriors/Animations/ThirdPersonRun.uasset" 349
"../../../IntruderMulti/Content/InfinityBladeWarriors/Animations/ThirdPersonWalk.uasset" 350
"../../../IntruderMulti/Content/InfinityBladeWarriors/Animations/ThirdPerson_IdleRun_2D.uasset" 351
"../../../IntruderMulti/Content/InfinityBladeWarriors/Animations/0_BaseAnimBP.uasset" 352
"../../../IntruderMulti/Content/Blueprints/Characters_New/Thief.uasset" 353
"../../../IntruderMulti/Content/InfinityBladeWarriors/Character/CompleteCharacters/Textures_Materials/CharM_Base/T_CharM_Base_D.uasset" 354
"../../../IntruderMulti/Content/InfinityBladeWarriors/Character/CompleteCharacters/Textures_Materials/CharM_Base/T_CharM_Base_M.uasset" 355
"../../../IntruderMulti/Content/InfinityBladeWarriors/Character/CompleteCharacters/Textures_Materials/CharM_Base/T_CharM_Base_N.uasset" 356
"../../../IntruderMulti/Content/InfinityBladeWarriors/Character/CompleteCharacters/Textures_Materials/CharM_Base/M_CharM_Base.uasset" 357
"../../../IntruderMulti/Content/InfinityBladeWarriors/Character/CompleteCharacters/sk_CharM_Base.uasset" 358
"../../../IntruderMulti/Content/Blueprints/Characters_Old/0_Base.uasset" 359
"../../../Engine/Content/EditorBlueprintResources/ActorMacros.uasset" 360
"../../../IntruderMulti/Content/InfinityBladeWarriors/Character/CompleteCharacters/Textures_Materials/CharM_Barbarous/T_CharM_Barbarous_D.uasset" 361
"../../../IntruderMulti/Content/InfinityBladeWarriors/Character/CompleteCharacters/Textures_Materials/CharM_Barbarous/T_CharM_Barbarous_MetalMask.uasset" 362
"../../../IntruderMulti/Content/InfinityBladeWarriors/Character/CompleteCharacters/Textures_Materials/CharM_Barbarous/T_CharM_Barbarous_N.uasset" 363
"../../../IntruderMulti/Content/InfinityBladeWarriors/Character/CompleteCharacters/Textures_Materials/CharM_Barbarous/M_Char_Barbrous.uasset" 364
"../../../IntruderMulti/Content/InfinityBladeWarriors/Character/CompleteCharacters/SK_CharM_Barbarous.uasset" 365
"../../../IntruderMulti/Content/Blueprints/Characters_Old/Barbarous.uasset" 366
"../../../IntruderMulti/Content/InfinityBladeWarriors/Character/CompleteCharacters/Textures_Materials/CharM_Forge/CharM_Forge_D.uasset" 367
"../../../IntruderMulti/Content/InfinityBladeWarriors/Character/CompleteCharacters/Textures_Materials/CharM_Forge/CharM_Forge_MetalMask.uasset" 368
"../../../IntruderMulti/Content/InfinityBladeWarriors/Character/CompleteCharacters/Textures_Materials/CharM_Forge/CharM_Forge_N.uasset" 369
"../../../IntruderMulti/Content/InfinityBladeWarriors/Character/CompleteCharacters/Textures_Materials/CharM_Forge/M_Char_Forge.uasset" 370
"../../../IntruderMulti/Content/InfinityBladeWarriors/Character/CompleteCharacters/SK_CharM_Forge.uasset" 371
"../../../IntruderMulti/Content/Blueprints/Characters_Old/Forge.uasset" 372
"../../../IntruderMulti/Content/InfinityBladeWarriors/Character/CompleteCharacters/Textures_Materials/CharM_FrostGiant/T_Char_M_FrostGiant_D.uasset" 373
"../../../IntruderMulti/Content/InfinityBladeWarriors/Character/CompleteCharacters/Textures_Materials/CharM_FrostGiant/T_Char_M_FrostGiant_Masks.uasset" 374
"../../../IntruderMulti/Content/InfinityBladeWarriors/Character/CompleteCharacters/Textures_Materials/CharM_FrostGiant/T_Char_M_FrostGiant_MaterialMask.uasset" 375
"../../../IntruderMulti/Content/InfinityBladeWarriors/Character/CompleteCharacters/Textures_Materials/CharM_FrostGiant/T_Char_M_FrostGiant_N.uasset" 376
"../../../IntruderMulti/Content/InfinityBladeWarriors/Character/CompleteCharacters/Textures_Materials/CharM_FrostGiant/M_Char_FrostGiant.uasset" 377
"../../../IntruderMulti/Content/InfinityBladeWarriors/Character/CompleteCharacters/SK_CharM_FrostGiant.uasset" 378
"../../../IntruderMulti/Content/Blueprints/Characters_Old/Frosty.uasset" 379
"../../../IntruderMulti/Content/InfinityBladeWarriors/Character/CompleteCharacters/Textures_Materials/CharM_Natural/T_CharM_Natural_D.uasset" 380
"../../../IntruderMulti/Content/InfinityBladeWarriors/Character/CompleteCharacters/Textures_Materials/CharM_Natural/T_CharM_Natural_Mask.uasset" 381
"../../../IntruderMulti/Content/InfinityBladeWarriors/Character/CompleteCharacters/Textures_Materials/CharM_Natural/T_CharM_Natural_N.uasset" 382
"../../../IntruderMulti/Content/InfinityBladeWarriors/Character/CompleteCharacters/Textures_Materials/CharM_Natural/M_Char_Natural.uasset" 383
"../../../IntruderMulti/Content/InfinityBladeWarriors/Character/CompleteCharacters/SK_CharM_Natural.uasset" 384
"../../../IntruderMulti/Content/Blueprints/Characters_Old/Natural.uasset" 385
"../../../IntruderMulti/Content/InfinityBladeWarriors/Character/CompleteCharacters/Textures_Materials/CharM_Pit/T_CharM_Pit_D.uasset" 386
"../../../IntruderMulti/Content/InfinityBladeWarriors/Character/CompleteCharacters/Textures_Materials/CharM_Pit/T_CharM_Pit_Mask.uasset" 387
"../../../IntruderMulti/Content/InfinityBladeWarriors/Character/CompleteCharacters/Textures_Materials/CharM_Pit/T_CharM_Pit_N.uasset" 388
"../../../IntruderMulti/Content/InfinityBladeWarriors/Character/CompleteCharacters/Textures_Materials/CharM_Pit/M_Char_Pit.uasset" 389
"../../../IntruderMulti/Content/InfinityBladeWarriors/Character/CompleteCharacters/SK_CharM_Pit.uasset" 390
"../../../IntruderMulti/Content/Blueprints/Characters_Old/Pit.uasset" 391
"../../../IntruderMulti/Content/InfinityBladeWarriors/Character/CompleteCharacters/Textures_Materials/CharM_Robo/T_CharM_Robo_D.uasset" 392
"../../../IntruderMulti/Content/InfinityBladeWarriors/Character/CompleteCharacters/Textures_Materials/CharM_Robo/T_CharM_Robo_Mask.uasset" 393
"../../../IntruderMulti/Content/InfinityBladeWarriors/Character/CompleteCharacters/Textures_Materials/CharM_Robo/T_CharM_Robo_N.uasset" 394
"../../../IntruderMulti/Content/InfinityBladeWarriors/Character/CompleteCharacters/Textures_Materials/CharM_Robo/M_Char_Robo.uasset" 395
"../../../IntruderMulti/Content/InfinityBladeWarriors/Character/CompleteCharacters/SK_CharM_Robo.uasset" 396
"../../../IntruderMulti/Content/Blueprints/Characters_Old/Robo.uasset" 397
"../../../IntruderMulti/Content/InfinityBladeWarriors/Character/CompleteCharacters/Textures_Materials/CharM_Tusk/T_CharM_Tusk_D.uasset" 398
"../../../IntruderMulti/Content/InfinityBladeWarriors/Character/CompleteCharacters/Textures_Materials/CharM_Tusk/T_CharM_Tusk_E.uasset" 399
"../../../IntruderMulti/Content/InfinityBladeWarriors/Character/CompleteCharacters/Textures_Materials/CharM_Tusk/T_CharM_Tusk_Mask.uasset" 400
"../../../IntruderMulti/Content/InfinityBladeWarriors/Character/CompleteCharacters/Textures_Materials/CharM_Tusk/T_CharM_Tusk_N.uasset" 401
"../../../IntruderMulti/Content/InfinityBladeWarriors/Character/CompleteCharacters/Textures_Materials/CharM_Tusk/M_Char_Tusk.uasset" 402
"../../../IntruderMulti/Content/InfinityBladeWarriors/Character/CompleteCharacters/SK_CharM_Tusk.uasset" 403
"../../../IntruderMulti/Content/Blueprints/Characters_Old/Tusk.uasset" 404
"../../../IntruderMulti/Content/InfinityBladeWarriors/Character/CompleteCharacters/Textures_Materials/CharM_Warrior/T_CharM_Warrior_JewelMask.uasset" 405
"../../../IntruderMulti/Content/InfinityBladeWarriors/Character/CompleteCharacters/Textures_Materials/CharM_Warrior/T_CharM_Warrior_N.uasset" 406
"../../../IntruderMulti/Content/InfinityBladeWarriors/Character/CompleteCharacters/Textures_Materials/CharM_Warrior/T_CharM_WarriorB_D.uasset" 407
"../../../IntruderMulti/Content/InfinityBladeWarriors/Character/CompleteCharacters/Textures_Materials/CharM_Warrior/T_CharM_WarriorB_Mask.uasset" 408
"../../../IntruderMulti/Content/InfinityBladeWarriors/Character/CompleteCharacters/Textures_Materials/CharM_Warrior/M_Char_Warrior_B.uasset" 409
"../../../IntruderMulti/Content/InfinityBladeWarriors/Character/CompleteCharacters/SK_CharM_Warrior.uasset" 410
"../../../IntruderMulti/Content/Blueprints/Characters_Old/Warrior.uasset" 411
"../../../IntruderMulti/Content/Textures/Thumbs/Barbarous.uasset" 412
"../../../IntruderMulti/Content/Textures/Thumbs/Forge.uasset" 413
"../../../IntruderMulti/Content/Textures/Thumbs/Frosty.uasset" 414
"../../../IntruderMulti/Content/Textures/Thumbs/Natural.uasset" 415
"../../../IntruderMulti/Content/Textures/Thumbs/Pit.uasset" 416
"../../../IntruderMulti/Content/Textures/Thumbs/Robo.uasset" 417
"../../../IntruderMulti/Content/Textures/Thumbs/Tusk.uasset" 418
"../../../IntruderMulti/Content/Textures/Thumbs/Warrior.uasset" 419
"../../../IntruderMulti/Content/UI/Lobby/CharacterSelect.uasset" 420
"../../../IntruderMulti/Content/UI/Lobby/ConnectedPlayer.uasset" 421
"../../../IntruderMulti/Content/Textures/Thumbs/Arena01.uasset" 422
"../../../IntruderMulti/Content/Textures/Thumbs/Arena02.uasset" 423
"../../../IntruderMulti/Content/UI/Lobby/PlayerButton.uasset" 424
"../../../IntruderMulti/Content/UI/Lobby/GameSettings.uasset" 425
"../../../IntruderMulti/Content/UI/Lobby/LobbyMenu.uasset" 426
"../../../IntruderMulti/Content/Blueprints/Lobby/LobbyGM.uasset" 427
"../../../IntruderMulti/Content/Blueprints/Lobby/LobbyPC.uasset" 428
"../../../IntruderMulti/Content/UI/AllLevels/ChatText.uasset" 429
"../../../IntruderMulti/Content/UI/AllLevels/ChatWindow.uasset" 430
"../../../IntruderMulti/Content/UI/AllLevels/GameplayChat.uasset" 431
"../../../IntruderMulti/Content/Blueprints/Gameplay/GameplayPC.uasset" 432
"../../../IntruderMulti/Content/Blueprints/Gameplay/GameplayGM.uasset" 433
"../../../IntruderMulti/Content/Maps/Arena01_BuiltData.uasset" 434
"../../../IntruderMulti/Content/Geometry/Meshes/CubeMaterial.uasset" 435
"../../../IntruderMulti/Content/Geometry/Meshes/1M_Cube.uasset" 436
"../../../IntruderMulti/Content/Geometry/Meshes/1M_Cube_Chamfer.uasset" 437
"../../../IntruderMulti/Content/Geometry/Meshes/TemplateFloor.uasset" 438
"../../../IntruderMulti/Content/ThirdPerson/Meshes/RampMaterial.uasset" 439
"../../../IntruderMulti/Content/ThirdPerson/Meshes/Bump_StaticMesh.uasset" 440
"../../../IntruderMulti/Content/ThirdPerson/Meshes/LeftArm_StaticMesh.uasset" 441
"../../../IntruderMulti/Content/ThirdPerson/Meshes/Linear_Stair_StaticMesh.uasset" 442
"../../../IntruderMulti/Content/ThirdPerson/Meshes/Ramp_StaticMesh.uasset" 443
"../../../IntruderMulti/Content/ThirdPerson/Meshes/RightArm_StaticMesh.uasset" 444
"../../../IntruderMulti/Content/Maps/Arena01.umap" 445
"../../../IntruderMulti/Content/Maps/Arena02_BuiltData.uasset" 446
"../../../IntruderMulti/Content/Maps/Arena02.umap" 447
"../../../IntruderMulti/Content/Maps/Lobby_BuiltData.uasset" 448
"../../../Engine/Content/MapTemplates/SM_Template_Map_Floor.uasset" 449
"../../../IntruderMulti/Content/Maps/Lobby.umap" 450
"../../../IntruderMulti/Content/Maps/MainMenu.umap" 451
"../../../IntruderMulti/Content/Maps/TravelMap.umap" 452
"../../../Engine/Content/Maps/Entry.umap" 453
